{"/home/javier/Documentos/tel335/c3-2024-forma-1/src/index.js": {"path":"/home/javier/Documentos/tel335/c3-2024-forma-1/src/index.js","statementMap":{"0":{"start":{"line":5,"column":12},"end":{"line":5,"column":21}},"1":{"start":{"line":6,"column":13},"end":{"line":6,"column":17}},"2":{"start":{"line":8,"column":0},"end":{"line":8,"column":58}},"3":{"start":{"line":9,"column":0},"end":{"line":9,"column":24}},"4":{"start":{"line":11,"column":15},"end":{"line":13,"column":2}},"5":{"start":{"line":12,"column":4},"end":{"line":12,"column":52}}},"fnMap":{"0":{"name":"(anonymous_0)","decl":{"start":{"line":11,"column":32},"end":{"line":11,"column":33}},"loc":{"start":{"line":11,"column":38},"end":{"line":13,"column":1}},"line":11}},"branchMap":{},"s":{"0":5,"1":5,"2":5,"3":5,"4":5,"5":0},"f":{"0":0},"b":{},"_coverageSchema":"1a1c01bbd47fc00a2c39e90264f33305004495a9","hash":"afa248e34693968a802a6e9923be980edb0f7d14"}
,"/home/javier/Documentos/tel335/c3-2024-forma-1/src/domain/cities/repository/worldCitiesRespository.js": {"path":"/home/javier/Documentos/tel335/c3-2024-forma-1/src/domain/cities/repository/worldCitiesRespository.js","statementMap":{"0":{"start":{"line":3,"column":0},"end":{"line":5,"column":1}},"1":{"start":{"line":4,"column":4},"end":{"line":4,"column":29}},"2":{"start":{"line":7,"column":0},"end":{"line":13,"column":1}},"3":{"start":{"line":8,"column":19},"end":{"line":8,"column":21}},"4":{"start":{"line":9,"column":4},"end":{"line":11,"column":6}},"5":{"start":{"line":10,"column":8},"end":{"line":10,"column":75}},"6":{"start":{"line":10,"column":52},"end":{"line":10,"column":75}},"7":{"start":{"line":12,"column":4},"end":{"line":12,"column":17}},"8":{"start":{"line":15,"column":0},"end":{"line":21,"column":1}},"9":{"start":{"line":16,"column":19},"end":{"line":16,"column":21}},"10":{"start":{"line":17,"column":4},"end":{"line":19,"column":6}},"11":{"start":{"line":18,"column":8},"end":{"line":18,"column":112}},"12":{"start":{"line":18,"column":89},"end":{"line":18,"column":112}},"13":{"start":{"line":20,"column":4},"end":{"line":20,"column":17}}},"fnMap":{"0":{"name":"(anonymous_0)","decl":{"start":{"line":3,"column":33},"end":{"line":3,"column":34}},"loc":{"start":{"line":3,"column":39},"end":{"line":5,"column":1}},"line":3},"1":{"name":"(anonymous_1)","decl":{"start":{"line":7,"column":36},"end":{"line":7,"column":37}},"loc":{"start":{"line":7,"column":58},"end":{"line":13,"column":1}},"line":7},"2":{"name":"(anonymous_2)","decl":{"start":{"line":9,"column":31},"end":{"line":9,"column":32}},"loc":{"start":{"line":9,"column":47},"end":{"line":11,"column":5}},"line":9},"3":{"name":"(anonymous_3)","decl":{"start":{"line":15,"column":41},"end":{"line":15,"column":42}},"loc":{"start":{"line":15,"column":78},"end":{"line":21,"column":1}},"line":15},"4":{"name":"(anonymous_4)","decl":{"start":{"line":17,"column":31},"end":{"line":17,"column":32}},"loc":{"start":{"line":17,"column":47},"end":{"line":19,"column":5}},"line":17}},"branchMap":{"0":{"loc":{"start":{"line":10,"column":8},"end":{"line":10,"column":75}},"type":"if","locations":[{"start":{"line":10,"column":8},"end":{"line":10,"column":75}},{"start":{},"end":{}}],"line":10},"1":{"loc":{"start":{"line":18,"column":8},"end":{"line":18,"column":112}},"type":"if","locations":[{"start":{"line":18,"column":8},"end":{"line":18,"column":112}},{"start":{},"end":{}}],"line":18},"2":{"loc":{"start":{"line":18,"column":11},"end":{"line":18,"column":87}},"type":"binary-expr","locations":[{"start":{"line":18,"column":11},"end":{"line":18,"column":44}},{"start":{"line":18,"column":48},"end":{"line":18,"column":87}}],"line":18}},"s":{"0":5,"1":0,"2":5,"3":2,"4":2,"5":46036,"6":97,"7":2,"8":5,"9":0,"10":0,"11":0,"12":0,"13":0},"f":{"0":0,"1":2,"2":46036,"3":0,"4":0},"b":{"0":[97,45939],"1":[0,0],"2":[0,0]},"_coverageSchema":"1a1c01bbd47fc00a2c39e90264f33305004495a9","hash":"d99d30c965c89cc22119e6c97d9dab63bf59f755"}
,"/home/javier/Documentos/tel335/c3-2024-forma-1/src/domain/cities/use_cases/getCities.js": {"path":"/home/javier/Documentos/tel335/c3-2024-forma-1/src/domain/cities/use_cases/getCities.js","statementMap":{"0":{"start":{"line":3,"column":0},"end":{"line":6,"column":1}},"1":{"start":{"line":4,"column":4},"end":{"line":4,"column":56}},"2":{"start":{"line":5,"column":4},"end":{"line":5,"column":14}},"3":{"start":{"line":8,"column":0},"end":{"line":32,"column":1}},"4":{"start":{"line":9,"column":20},"end":{"line":9,"column":38}},"5":{"start":{"line":12,"column":4},"end":{"line":16,"column":5}},"6":{"start":{"line":13,"column":8},"end":{"line":13,"column":25}},"7":{"start":{"line":14,"column":8},"end":{"line":14,"column":92}},"8":{"start":{"line":15,"column":8},"end":{"line":15,"column":19}},"9":{"start":{"line":19,"column":4},"end":{"line":23,"column":5}},"10":{"start":{"line":20,"column":8},"end":{"line":20,"column":25}},"11":{"start":{"line":21,"column":8},"end":{"line":21,"column":74}},"12":{"start":{"line":22,"column":8},"end":{"line":22,"column":19}},"13":{"start":{"line":25,"column":19},"end":{"line":25,"column":70}},"14":{"start":{"line":26,"column":4},"end":{"line":30,"column":5}},"15":{"start":{"line":27,"column":8},"end":{"line":27,"column":84}},"16":{"start":{"line":29,"column":8},"end":{"line":29,"column":26}},"17":{"start":{"line":31,"column":4},"end":{"line":31,"column":15}},"18":{"start":{"line":34,"column":0},"end":{"line":37,"column":1}},"19":{"start":{"line":35,"column":4},"end":{"line":35,"column":99}},"20":{"start":{"line":36,"column":4},"end":{"line":36,"column":14}}},"fnMap":{"0":{"name":"(anonymous_0)","decl":{"start":{"line":3,"column":30},"end":{"line":3,"column":31}},"loc":{"start":{"line":3,"column":39},"end":{"line":6,"column":1}},"line":3},"1":{"name":"(anonymous_1)","decl":{"start":{"line":8,"column":36},"end":{"line":8,"column":37}},"loc":{"start":{"line":8,"column":45},"end":{"line":32,"column":1}},"line":8},"2":{"name":"(anonymous_2)","decl":{"start":{"line":34,"column":47},"end":{"line":34,"column":48}},"loc":{"start":{"line":34,"column":56},"end":{"line":37,"column":1}},"line":34}},"branchMap":{"0":{"loc":{"start":{"line":12,"column":4},"end":{"line":16,"column":5}},"type":"if","locations":[{"start":{"line":12,"column":4},"end":{"line":16,"column":5}},{"start":{},"end":{}}],"line":12},"1":{"loc":{"start":{"line":19,"column":4},"end":{"line":23,"column":5}},"type":"if","locations":[{"start":{"line":19,"column":4},"end":{"line":23,"column":5}},{"start":{},"end":{}}],"line":19},"2":{"loc":{"start":{"line":26,"column":4},"end":{"line":30,"column":5}},"type":"if","locations":[{"start":{"line":26,"column":4},"end":{"line":30,"column":5}},{"start":{"line":28,"column":11},"end":{"line":30,"column":5}}],"line":26}},"s":{"0":5,"1":0,"2":0,"3":5,"4":4,"5":4,"6":1,"7":1,"8":1,"9":3,"10":1,"11":1,"12":1,"13":2,"14":2,"15":1,"16":1,"17":2,"18":5,"19":0,"20":0},"f":{"0":0,"1":4,"2":0},"b":{"0":[1,3],"1":[1,2],"2":[1,1]},"_coverageSchema":"1a1c01bbd47fc00a2c39e90264f33305004495a9","hash":"114738dcf57b93f1cfe716320f07587ac723b842"}
,"/home/javier/Documentos/tel335/c3-2024-forma-1/src/routes/index.js": {"path":"/home/javier/Documentos/tel335/c3-2024-forma-1/src/routes/index.js","statementMap":{"0":{"start":{"line":5,"column":15},"end":{"line":5,"column":27}},"1":{"start":{"line":7,"column":0},"end":{"line":7,"column":32}},"2":{"start":{"line":9,"column":0},"end":{"line":9,"column":63}},"3":{"start":{"line":10,"column":0},"end":{"line":10,"column":89}},"4":{"start":{"line":11,"column":0},"end":{"line":11,"column":101}}},"fnMap":{},"branchMap":{},"s":{"0":5,"1":5,"2":5,"3":5,"4":5},"f":{},"b":{},"_coverageSchema":"1a1c01bbd47fc00a2c39e90264f33305004495a9","hash":"5800911da13fab9d34274c13ab5c75b8d82c5d33"}
,"/home/javier/Documentos/tel335/c3-2024-forma-1/src/routes/health/health.js": {"path":"/home/javier/Documentos/tel335/c3-2024-forma-1/src/routes/health/health.js","statementMap":{"0":{"start":{"line":2,"column":4},"end":{"line":2,"column":32}}},"fnMap":{"0":{"name":"getHealth","decl":{"start":{"line":1,"column":24},"end":{"line":1,"column":33}},"loc":{"start":{"line":1,"column":39},"end":{"line":3,"column":1}},"line":1}},"branchMap":{},"s":{"0":1},"f":{"0":1},"b":{},"_coverageSchema":"1a1c01bbd47fc00a2c39e90264f33305004495a9","hash":"159f3bf4f5e50255cf3728bef58c8f646048ccbb"}
}
