TN:
SF:src/index.js
FN:11,(anonymous_0)
FNF:1
FNH:0
FNDA:0,(anonymous_0)
DA:5,5
DA:6,5
DA:8,5
DA:9,5
DA:11,5
DA:12,0
LF:6
LH:5
BRF:0
BRH:0
end_of_record
TN:
SF:src/domain/cities/repository/worldCitiesRespository.js
FN:3,(anonymous_0)
FN:7,(anonymous_1)
FN:9,(anonymous_2)
FN:15,(anonymous_3)
FN:17,(anonymous_4)
FNF:5
FNH:2
FNDA:0,(anonymous_0)
FNDA:2,(anonymous_1)
FNDA:46036,(anonymous_2)
FNDA:0,(anonymous_3)
FNDA:0,(anonymous_4)
DA:3,5
DA:4,0
DA:7,5
DA:8,2
DA:9,2
DA:10,46036
DA:12,2
DA:15,5
DA:16,0
DA:17,0
DA:18,0
DA:20,0
LF:12
LH:7
BRDA:10,0,0,97
BRDA:10,0,1,45939
BRDA:18,1,0,0
BRDA:18,1,1,0
BRDA:18,2,0,0
BRDA:18,2,1,0
BRF:6
BRH:2
end_of_record
TN:
SF:src/domain/cities/use_cases/getCities.js
FN:3,(anonymous_0)
FN:8,(anonymous_1)
FN:34,(anonymous_2)
FNF:3
FNH:1
FNDA:0,(anonymous_0)
FNDA:4,(anonymous_1)
FNDA:0,(anonymous_2)
DA:3,5
DA:4,0
DA:5,0
DA:8,5
DA:9,4
DA:12,4
DA:13,1
DA:14,1
DA:15,1
DA:19,3
DA:20,1
DA:21,1
DA:22,1
DA:25,2
DA:26,2
DA:27,1
DA:29,1
DA:31,2
DA:34,5
DA:35,0
DA:36,0
LF:21
LH:17
BRDA:12,0,0,1
BRDA:12,0,1,3
BRDA:19,1,0,1
BRDA:19,1,1,2
BRDA:26,2,0,1
BRDA:26,2,1,1
BRF:6
BRH:6
end_of_record
TN:
SF:src/routes/index.js
FNF:0
FNH:0
DA:5,5
DA:7,5
DA:9,5
DA:10,5
DA:11,5
LF:5
LH:5
BRF:0
BRH:0
end_of_record
TN:
SF:src/routes/health/health.js
FN:1,getHealth
FNF:1
FNH:1
FNDA:1,getHealth
DA:2,1
LF:1
LH:1
BRF:0
BRH:0
end_of_record
